2020-01-23 14:36:47,242 [INFO] Activator:176 - 


2020-01-23 14:36:47,245 [INFO] Activator:177 - !SESSION log4j initialized
2020-01-23 14:36:48,134 [ERROR] LogOutputStream:74 - [STDERR_REDIRECT] 
2020-01-23 14:38:12,844 [INFO] LogOutputStream:76 - [STDOUT_REDIRECT] ***WARNING: Display must be created on main thread due to Cocoa restrictions. Use vmarg -XstartOnFirstThread
2020-01-23 14:38:12,845 [INFO] LogOutputStream:76 - [STDOUT_REDIRECT] ***WARNING: Display must be created on main thread due to Cocoa restrictions. Use vmarg -XstartOnFirstThread
2020-01-23 14:44:55,254 [INFO] Activator:176 - 


2020-01-23 14:44:55,257 [INFO] Activator:177 - !SESSION log4j initialized
2020-01-23 14:44:56,973 [ERROR] LogOutputStream:74 - [STDERR_REDIRECT] 
2020-01-23 14:45:22,088 [INFO] ApplicationProperties:181 - Using Application install path: /Applications/STM32CubeIDE.app/Contents/Eclipse/plugins/com.st.stm32cube.common.mx_5.4.0.201910091541
2020-01-23 14:45:22,102 [INFO] DbMcusXml:68 - Set database path to: /Applications/STM32CubeIDE.app/Contents/Eclipse/plugins/com.st.stm32cube.common.mx_5.4.0.201910091541//db//mcu/
2020-01-23 14:45:22,106 [INFO] DbBoardsPdsc:54 - Set plugin database path to: /Applications/STM32CubeIDE.app/Contents/Eclipse/plugins/com.st.stm32cube.common.mx_5.4.0.201910091541//db//plugins/boardmanager/
2020-01-23 14:45:22,106 [INFO] DbMcus:265 - Set plugin images path to: /Applications/STM32CubeIDE.app/Contents/Eclipse/plugins/com.st.stm32cube.common.mx_5.4.0.201910091541//db//plugins/mcufinder/images/
2020-01-23 14:45:22,106 [INFO] DbBoards:232 - Set plugin images path to: /Applications/STM32CubeIDE.app/Contents/Eclipse/plugins/com.st.stm32cube.common.mx_5.4.0.201910091541//db//plugins/mcufinder/images/
2020-01-23 14:45:22,108 [INFO] APIGFXSelector:72 - Set database path to: /Applications/STM32CubeIDE.app/Contents/Eclipse/plugins/com.st.stm32cube.common.mx_5.4.0.201910091541//db//plugins/mcufinder/mcu/
2020-01-23 14:45:22,113 [INFO] DbMcusAds:72 - Set database path to: /Users/muyangguo/.stmcufinder/plugins/mcufinder//mcu/
2020-01-23 14:45:22,114 [INFO] DbMcusDocs:92 - Set database path to: /Users/muyangguo/.stmcufinder/plugins/mcufinder//mcu/
2020-01-23 14:45:22,115 [INFO] DbMcusJson:59 - Set database path to: /Users/muyangguo/.stmcufinder/plugins/mcufinder//mcu/
2020-01-23 14:45:22,116 [INFO] DbBoardsDocs:84 - Set database path to: /Users/muyangguo/.stmcufinder/plugins/mcufinder//mcu/
2020-01-23 14:45:22,117 [INFO] DbBoardsJson:51 - Set database path to: /Users/muyangguo/.stmcufinder/plugins/mcufinder//mcu/
2020-01-23 14:45:22,308 [INFO] CrossReferenceDbSqlite:197 - Set database path to: /Users/muyangguo/.stmcufinder/plugins/mcufinder//mcu/cs/
2020-01-23 14:45:22,404 [INFO] RulesReader:52 - Compatibility file has been processed (179 Rules)
2020-01-23 14:45:22,488 [INFO] MicroXplorer:570 - Detected Java Version = 1.8.0_202
2020-01-23 14:45:22,488 [INFO] DbMcusXml:68 - Set database path to: /Applications/STM32CubeIDE.app/Contents/Eclipse/plugins/com.st.stm32cube.common.mx_5.4.0.201910091541//db//mcu/
2020-01-23 14:45:22,489 [INFO] DbBoardsPdsc:54 - Set plugin database path to: /Applications/STM32CubeIDE.app/Contents/Eclipse/plugins/com.st.stm32cube.common.mx_5.4.0.201910091541//db//plugins/boardmanager/
2020-01-23 14:45:22,489 [INFO] DbMcus:265 - Set plugin images path to: /Applications/STM32CubeIDE.app/Contents/Eclipse/plugins/com.st.stm32cube.common.mx_5.4.0.201910091541//db//plugins/mcufinder/images/
2020-01-23 14:45:22,490 [INFO] DbBoards:232 - Set plugin images path to: /Applications/STM32CubeIDE.app/Contents/Eclipse/plugins/com.st.stm32cube.common.mx_5.4.0.201910091541//db//plugins/mcufinder/images/
2020-01-23 14:45:22,490 [INFO] APIGFXSelector:72 - Set database path to: /Applications/STM32CubeIDE.app/Contents/Eclipse/plugins/com.st.stm32cube.common.mx_5.4.0.201910091541//db//plugins/mcufinder/mcu/
2020-01-23 14:45:22,490 [WARN] DbFile:31 - Overriding database path with different value: /Users/muyangguo/.stmcufinder/plugins/mcufinder/ => /Users/muyangguo/.stmcufinder/plugins/mcufinder
2020-01-23 14:45:22,490 [INFO] DbMcusAds:72 - Set database path to: /Users/muyangguo/.stmcufinder/plugins/mcufinder//mcu/
2020-01-23 14:45:22,490 [WARN] DbFile:31 - Overriding database path with different value: /Users/muyangguo/.stmcufinder/plugins/mcufinder/ => /Users/muyangguo/.stmcufinder/plugins/mcufinder
2020-01-23 14:45:22,490 [INFO] DbMcusDocs:92 - Set database path to: /Users/muyangguo/.stmcufinder/plugins/mcufinder//mcu/
2020-01-23 14:45:22,491 [WARN] DbFile:31 - Overriding database path with different value: /Users/muyangguo/.stmcufinder/plugins/mcufinder/ => /Users/muyangguo/.stmcufinder/plugins/mcufinder
2020-01-23 14:45:22,491 [INFO] DbMcusJson:59 - Set database path to: /Users/muyangguo/.stmcufinder/plugins/mcufinder//mcu/
2020-01-23 14:45:22,491 [WARN] DbFile:31 - Overriding database path with different value: /Users/muyangguo/.stmcufinder/plugins/mcufinder/ => /Users/muyangguo/.stmcufinder/plugins/mcufinder
2020-01-23 14:45:22,491 [INFO] DbBoardsDocs:84 - Set database path to: /Users/muyangguo/.stmcufinder/plugins/mcufinder//mcu/
2020-01-23 14:45:22,491 [WARN] DbFile:31 - Overriding database path with different value: /Users/muyangguo/.stmcufinder/plugins/mcufinder/ => /Users/muyangguo/.stmcufinder/plugins/mcufinder
2020-01-23 14:45:22,491 [INFO] DbBoardsJson:51 - Set database path to: /Users/muyangguo/.stmcufinder/plugins/mcufinder//mcu/
2020-01-23 14:45:22,491 [WARN] DbFile:31 - Overriding database path with different value: /Users/muyangguo/.stmcufinder/plugins/mcufinder/ => /Users/muyangguo/.stmcufinder/plugins/mcufinder
2020-01-23 14:45:22,492 [WARN] DbFile:31 - Overriding database path with different value: /Users/muyangguo/.stmcufinder/plugins/mcufinder/ => /Users/muyangguo/.stmcufinder/plugins/mcufinder
2020-01-23 14:45:22,492 [INFO] CrossReferenceDbSqlite:197 - Set database path to: /Users/muyangguo/.stmcufinder/plugins/mcufinder//mcu/cs/
2020-01-23 14:45:22,567 [INFO] MainPanel:185 - HeapMemory: 312475648
2020-01-23 14:45:22,652 [INFO] DbMcusXml:68 - Set database path to: /Applications/STM32CubeIDE.app/Contents/Eclipse/plugins/com.st.stm32cube.common.mx_5.4.0.201910091541//db//mcu/
2020-01-23 14:45:22,653 [INFO] DbBoardsPdsc:54 - Set plugin database path to: /Applications/STM32CubeIDE.app/Contents/Eclipse/plugins/com.st.stm32cube.common.mx_5.4.0.201910091541//db//plugins/boardmanager/
2020-01-23 14:45:22,653 [INFO] DbMcus:265 - Set plugin images path to: /Applications/STM32CubeIDE.app/Contents/Eclipse/plugins/com.st.stm32cube.common.mx_5.4.0.201910091541//db//plugins/mcufinder/images/
2020-01-23 14:45:22,653 [INFO] DbBoards:232 - Set plugin images path to: /Applications/STM32CubeIDE.app/Contents/Eclipse/plugins/com.st.stm32cube.common.mx_5.4.0.201910091541//db//plugins/mcufinder/images/
2020-01-23 14:45:22,653 [INFO] APIGFXSelector:72 - Set database path to: /Applications/STM32CubeIDE.app/Contents/Eclipse/plugins/com.st.stm32cube.common.mx_5.4.0.201910091541//db//plugins/mcufinder/mcu/
2020-01-23 14:45:22,653 [WARN] DbFile:31 - Overriding database path with different value: /Users/muyangguo/.stmcufinder/plugins/mcufinder/ => /Users/muyangguo/.stmcufinder/plugins/mcufinder
2020-01-23 14:45:22,654 [INFO] DbMcusAds:72 - Set database path to: /Users/muyangguo/.stmcufinder/plugins/mcufinder//mcu/
2020-01-23 14:45:22,654 [WARN] DbFile:31 - Overriding database path with different value: /Users/muyangguo/.stmcufinder/plugins/mcufinder/ => /Users/muyangguo/.stmcufinder/plugins/mcufinder
2020-01-23 14:45:22,654 [INFO] DbMcusDocs:92 - Set database path to: /Users/muyangguo/.stmcufinder/plugins/mcufinder//mcu/
2020-01-23 14:45:22,654 [WARN] DbFile:31 - Overriding database path with different value: /Users/muyangguo/.stmcufinder/plugins/mcufinder/ => /Users/muyangguo/.stmcufinder/plugins/mcufinder
2020-01-23 14:45:22,654 [INFO] DbMcusJson:59 - Set database path to: /Users/muyangguo/.stmcufinder/plugins/mcufinder//mcu/
2020-01-23 14:45:22,654 [WARN] DbFile:31 - Overriding database path with different value: /Users/muyangguo/.stmcufinder/plugins/mcufinder/ => /Users/muyangguo/.stmcufinder/plugins/mcufinder
2020-01-23 14:45:22,654 [INFO] DbBoardsDocs:84 - Set database path to: /Users/muyangguo/.stmcufinder/plugins/mcufinder//mcu/
2020-01-23 14:45:22,654 [WARN] DbFile:31 - Overriding database path with different value: /Users/muyangguo/.stmcufinder/plugins/mcufinder/ => /Users/muyangguo/.stmcufinder/plugins/mcufinder
2020-01-23 14:45:22,655 [INFO] DbBoardsJson:51 - Set database path to: /Users/muyangguo/.stmcufinder/plugins/mcufinder//mcu/
2020-01-23 14:45:22,655 [WARN] DbFile:31 - Overriding database path with different value: /Users/muyangguo/.stmcufinder/plugins/mcufinder/ => /Users/muyangguo/.stmcufinder/plugins/mcufinder
2020-01-23 14:45:22,655 [WARN] DbFile:31 - Overriding database path with different value: /Users/muyangguo/.stmcufinder/plugins/mcufinder/ => /Users/muyangguo/.stmcufinder/plugins/mcufinder
2020-01-23 14:45:22,655 [INFO] CrossReferenceDbSqlite:197 - Set database path to: /Users/muyangguo/.stmcufinder/plugins/mcufinder//mcu/cs/
2020-01-23 14:45:22,671 [INFO] ApplicationProperties:181 - Using Application install path: /Applications/STM32CubeIDE.app/Contents/Eclipse/plugins/com.st.stm32cube.common.mx_5.4.0.201910091541
2020-01-23 14:45:22,672 [INFO] PluginManage:178 - Search for loadable plugins [exclusion list=]
2020-01-23 14:45:22,673 [INFO] PluginManage:292 - Check plugin analytics
2020-01-23 14:45:22,681 [INFO] PluginManage:342 - Loaded plugin analytics (category:tool,tabindex:-1)
2020-01-23 14:45:22,681 [INFO] PluginManage:292 - Check plugin clock
2020-01-23 14:45:22,695 [INFO] PluginManage:342 - Loaded plugin clock (category:base,tabindex:2)
2020-01-23 14:45:22,695 [INFO] PluginManage:292 - Check plugin ddr
2020-01-23 14:45:22,700 [INFO] PluginManage:342 - Loaded plugin ddr (category:tool,tabindex:6)
2020-01-23 14:45:22,700 [INFO] PluginManage:292 - Check plugin filemanager
2020-01-23 14:45:22,842 [INFO] PluginManage:342 - Loaded plugin filemanager (category:base,tabindex:10)
2020-01-23 14:45:22,842 [INFO] PluginManage:292 - Check plugin ipmanager
2020-01-23 14:45:22,849 [INFO] PluginManage:342 - Loaded plugin ipmanager (category:base,tabindex:5)
2020-01-23 14:45:22,849 [INFO] PluginManage:292 - Check plugin pinoutandconfiguration
2020-01-23 14:45:22,859 [INFO] PluginManage:342 - Loaded plugin pinoutandconfiguration (category:base,tabindex:1)
2020-01-23 14:45:22,860 [INFO] PluginManage:292 - Check plugin pinoutconfig
2020-01-23 14:45:22,877 [INFO] PluginManage:342 - Loaded plugin pinoutconfig (category:base,tabindex:0)
2020-01-23 14:45:22,878 [INFO] PluginManage:292 - Check plugin power
2020-01-23 14:45:22,890 [INFO] PluginManage:342 - Loaded plugin power (category:power,tabindex:4)
2020-01-23 14:45:22,890 [INFO] PluginManage:292 - Check plugin projectmanager
2020-01-23 14:45:22,902 [INFO] PluginManage:342 - Loaded plugin projectmanager (category:projectmanager,tabindex:3)
2020-01-23 14:45:22,903 [INFO] PluginManage:292 - Check plugin thirdparty
2020-01-23 14:45:22,950 [INFO] ThirdPartyDb:294 - Open Third Party DataBase File (/Users/muyangguo/.stm32cubemx/plugins/thirdparty/db/thirdparties_db.xml) : 23 ms. number of Sw pack : 9
2020-01-23 14:45:22,960 [INFO] PluginManage:342 - Loaded plugin thirdparty (category:base,tabindex:-1)
2020-01-23 14:45:22,960 [INFO] PluginManage:292 - Check plugin tools
2020-01-23 14:45:22,962 [INFO] PluginManage:342 - Loaded plugin tools (category:base,tabindex:7)
2020-01-23 14:45:22,962 [INFO] PluginManage:292 - Check plugin updater
2020-01-23 14:45:22,973 [INFO] PluginManage:342 - Loaded plugin updater (category:base,tabindex:12)
2020-01-23 14:45:22,973 [INFO] PluginManage:265 - PluginManage : Loaded plugins [12]
2020-01-23 14:45:24,317 [INFO] PinOutPanel:1367 - setPackage(No Configuration,No Configuration)
2020-01-23 14:45:24,390 [INFO] IPUIPlugin:63 - create IPUIPlugin
2020-01-23 14:45:24,391 [INFO] PluginManager:200 - loadIPPluginJar : add mdma
2020-01-23 14:45:24,401 [INFO] IPUIPlugin:63 - create IPUIPlugin
2020-01-23 14:45:24,402 [INFO] PluginManager:200 - loadIPPluginJar : add freertos
2020-01-23 14:45:24,408 [INFO] IPUIPlugin:63 - create IPUIPlugin
2020-01-23 14:45:24,408 [INFO] PluginManager:200 - loadIPPluginJar : add gic
2020-01-23 14:45:24,411 [INFO] IPUIPlugin:63 - create IPUIPlugin
2020-01-23 14:45:24,411 [INFO] PluginManager:200 - loadIPPluginJar : add gfxsimulator
2020-01-23 14:45:24,421 [INFO] IPUIPlugin:63 - create IPUIPlugin
2020-01-23 14:45:24,421 [INFO] PluginManager:200 - loadIPPluginJar : add adc
2020-01-23 14:45:24,424 [INFO] IPUIPlugin:63 - create IPUIPlugin
2020-01-23 14:45:24,424 [INFO] PluginManager:200 - loadIPPluginJar : add gtzc
2020-01-23 14:45:24,425 [INFO] IPUIPlugin:63 - create IPUIPlugin
2020-01-23 14:45:24,425 [INFO] PluginManager:200 - loadIPPluginJar : add quadspi
2020-01-23 14:45:24,427 [INFO] IPUIPlugin:63 - create IPUIPlugin
2020-01-23 14:45:24,428 [INFO] PluginManager:200 - loadIPPluginJar : add aes
2020-01-23 14:45:24,430 [INFO] IPUIPlugin:63 - create IPUIPlugin
2020-01-23 14:45:24,431 [INFO] PluginManager:200 - loadIPPluginJar : add pdm2pcm
2020-01-23 14:45:24,432 [INFO] IPUIPlugin:63 - create IPUIPlugin
2020-01-23 14:45:24,432 [INFO] PluginManager:200 - loadIPPluginJar : add hash
2020-01-23 14:45:24,434 [INFO] IPUIPlugin:63 - create IPUIPlugin
2020-01-23 14:45:24,434 [INFO] PluginManager:200 - loadIPPluginJar : add tim
2020-01-23 14:45:24,436 [INFO] IPUIPlugin:63 - create IPUIPlugin
2020-01-23 14:45:24,436 [INFO] PluginManager:200 - loadIPPluginJar : add tsc
2020-01-23 14:45:24,438 [INFO] IPUIPlugin:63 - create IPUIPlugin
2020-01-23 14:45:24,438 [INFO] PluginManager:200 - loadIPPluginJar : add ts
2020-01-23 14:45:24,440 [INFO] IPUIPlugin:63 - create IPUIPlugin
2020-01-23 14:45:24,440 [INFO] PluginManager:200 - loadIPPluginJar : add can
2020-01-23 14:45:24,442 [INFO] IPUIPlugin:63 - create IPUIPlugin
2020-01-23 14:45:24,442 [INFO] PluginManager:200 - loadIPPluginJar : add dfsdm
2020-01-23 14:45:24,444 [INFO] IPUIPlugin:63 - create IPUIPlugin
2020-01-23 14:45:24,444 [INFO] PluginManager:200 - loadIPPluginJar : add spi
2020-01-23 14:45:24,446 [INFO] IPUIPlugin:63 - create IPUIPlugin
2020-01-23 14:45:24,446 [INFO] PluginManager:200 - loadIPPluginJar : add gfxmmu
2020-01-23 14:45:24,447 [INFO] IPUIPlugin:63 - create IPUIPlugin
2020-01-23 14:45:24,447 [INFO] PluginManager:200 - loadIPPluginJar : add genericplugin
2020-01-23 14:45:24,449 [INFO] IPUIPlugin:63 - create IPUIPlugin
2020-01-23 14:45:24,449 [INFO] PluginManager:200 - loadIPPluginJar : add cryp
2020-01-23 14:45:24,453 [INFO] IPUIPlugin:63 - create IPUIPlugin
2020-01-23 14:45:24,453 [INFO] PluginManager:200 - loadIPPluginJar : add gpio
2020-01-23 14:45:24,454 [INFO] IPUIPlugin:63 - create IPUIPlugin
2020-01-23 14:45:24,455 [INFO] PluginManager:200 - loadIPPluginJar : add comp
2020-01-23 14:45:24,456 [INFO] IPUIPlugin:63 - create IPUIPlugin
2020-01-23 14:45:24,456 [INFO] PluginManager:200 - loadIPPluginJar : add tracer_emb
2020-01-23 14:45:24,458 [INFO] IPUIPlugin:63 - create IPUIPlugin
2020-01-23 14:45:24,458 [INFO] PluginManager:200 - loadIPPluginJar : add stm32_wpan
2020-01-23 14:45:24,464 [INFO] IPUIPlugin:63 - create IPUIPlugin
2020-01-23 14:45:24,466 [INFO] PluginManager:200 - loadIPPluginJar : add plateformsettings
2020-01-23 14:45:24,468 [INFO] IPUIPlugin:63 - create IPUIPlugin
2020-01-23 14:45:24,469 [INFO] PluginManager:200 - loadIPPluginJar : add ipddr
2020-01-23 14:45:24,470 [INFO] IPUIPlugin:63 - create IPUIPlugin
2020-01-23 14:45:24,470 [INFO] PluginManager:200 - loadIPPluginJar : add usart
2020-01-23 14:45:24,472 [INFO] IPUIPlugin:63 - create IPUIPlugin
2020-01-23 14:45:24,472 [INFO] PluginManager:200 - loadIPPluginJar : add ltdc
2020-01-23 14:45:24,474 [INFO] IPUIPlugin:63 - create IPUIPlugin
2020-01-23 14:45:24,474 [INFO] PluginManager:200 - loadIPPluginJar : add nvic
2020-01-23 14:45:24,476 [INFO] IPUIPlugin:63 - create IPUIPlugin
2020-01-23 14:45:24,476 [INFO] PluginManager:200 - loadIPPluginJar : add fatfs
2020-01-23 14:45:24,480 [INFO] IPUIPlugin:63 - create IPUIPlugin
2020-01-23 14:45:24,480 [INFO] PluginManager:200 - loadIPPluginJar : add dma
2020-01-23 14:45:24,483 [INFO] IPUIPlugin:63 - create IPUIPlugin
2020-01-23 14:45:24,483 [INFO] PluginManager:200 - loadIPPluginJar : add fmc
2020-01-23 14:45:24,485 [INFO] IPUIPlugin:63 - create IPUIPlugin
2020-01-23 14:45:24,485 [INFO] PluginManager:200 - loadIPPluginJar : add i2s
2020-01-23 14:45:24,486 [INFO] IPUIPlugin:63 - create IPUIPlugin
2020-01-23 14:45:24,487 [INFO] PluginManager:200 - loadIPPluginJar : add ucpd
2020-01-23 14:45:24,488 [INFO] IPUIPlugin:63 - create IPUIPlugin
2020-01-23 14:45:24,488 [INFO] PluginManager:200 - loadIPPluginJar : add opamp
2020-01-23 14:45:24,490 [INFO] IPUIPlugin:63 - create IPUIPlugin
2020-01-23 14:45:24,490 [INFO] PluginManager:200 - loadIPPluginJar : add touchsensing
2020-01-23 14:45:24,492 [INFO] IPUIPlugin:63 - create IPUIPlugin
2020-01-23 14:45:24,492 [INFO] PluginManager:200 - loadIPPluginJar : add i2c
2020-01-23 14:45:24,495 [INFO] IPUIPlugin:63 - create IPUIPlugin
2020-01-23 14:45:24,495 [INFO] PluginManager:200 - loadIPPluginJar : add resmgrutility
2020-01-23 14:45:24,497 [INFO] IPUIPlugin:63 - create IPUIPlugin
2020-01-23 14:45:24,497 [INFO] PluginManager:200 - loadIPPluginJar : add sai
2020-01-23 14:45:24,573 [INFO] BoardConnectionPanel:220 - [DDR PANEL] osNameString: NotDefined
2020-01-23 14:45:24,666 [INFO] BoardConnectionPanel:3149 - [DDR PANEL] STM32CubeIDE environment
2020-01-23 14:45:24,666 [INFO] MainDdrPanel:100 - [DDR PANEL] GETTER - cubeProgrammerPath is: null
2020-01-23 14:45:24,828 [FATAL] Updater:277 - Updater called before beeing initialized
2020-01-23 14:45:24,964 [FATAL] Updater:277 - Updater called before beeing initialized
2020-01-23 14:45:24,969 [INFO] PinOutPanel:1367 - setPackage(No Configuration,No Configuration)
2020-01-23 14:45:24,969 [FATAL] Updater:277 - Updater called before beeing initialized
2020-01-23 14:45:24,972 [INFO] BoardConnectionPanel:3149 - [DDR PANEL] STM32CubeIDE environment
2020-01-23 14:45:24,973 [INFO] MainDdrPanel:100 - [DDR PANEL] GETTER - cubeProgrammerPath is: /Applications/STM32CubeIDE.app/Contents/Eclipse/plugins/com.st.stm32cube.ide.mcu.externaltools.cubeprogrammer.macos64_1.1.0.201910081157/tools/bin
2020-01-23 14:45:24,975 [INFO] ProgrammerExecThread:148 - [ProgrammerAPI] CubeProgrammer command construction: /Applications/STM32CubeIDE.app/Contents/Eclipse/plugins/com.st.stm32cube.ide.mcu.externaltools.cubeprogrammer.macos64_1.1.0.201910081157/tools/bin/STM32_Programmer_CLI -l
2020-01-23 14:45:25,076 [INFO] MainDdrPanel:90 - [DDR PANEL] SETTER - Set cubeProgrammerPath to: /Applications/STM32CubeIDE.app/Contents/Eclipse/plugins/com.st.stm32cube.ide.mcu.externaltools.cubeprogrammer.macos64_1.1.0.201910081157/tools/bin
2020-01-23 14:45:25,084 [INFO] Updater:886 - Updater Version found : 5.4.0
2020-01-23 14:45:25,111 [INFO] ApplicationProperties:181 - Using Application install path: /Applications/STM32CubeIDE.app/Contents/Eclipse/plugins/com.st.stm32cube.common.mx_5.4.0.201910091541
2020-01-23 14:45:25,332 [INFO] MainUpdater:2232 - connection check result : 10
2020-01-23 14:45:25,333 [INFO] MainUpdater:236 - Updater Check For Update Now.
2020-01-23 14:45:25,333 [INFO] MicroXplorer:420 - Change Database Version : DB.5.0.40
2020-01-23 14:45:25,357 [INFO] CheckServerUpdateThread:92 - End of CheckServer Thread
2020-01-23 14:45:25,539 [INFO] MainUpdater:2232 - connection check result : 10
2020-01-23 14:45:25,540 [INFO] LogOutputStream:76 - [STDOUT_REDIRECT] Successfull proxy connection.
2020-01-23 14:45:25,850 [INFO] McuFinderGlobals:40 - Set McuFinder mode to 2 (CubeIDE integrated)
2020-01-23 14:45:25,861 [INFO] FinderPluginLoader:86 - Searching for filters in installed packs
2020-01-23 14:45:25,862 [INFO] DbMcusXml:106 - Load MCU database from /Applications/STM32CubeIDE.app/Contents/Eclipse/plugins/com.st.stm32cube.common.mx_5.4.0.201910091541//db//mcu/families.xml
2020-01-23 14:45:26,015 [INFO] ThirdPartyDb:264 - Close Third Party DataBase File (/Users/muyangguo/.stm32cubemx/plugins/thirdparty/db/thirdparties_db.xml)
2020-01-23 14:45:26,039 [INFO] ThirdPartyDb:294 - Open Third Party DataBase File (/Users/muyangguo/.stm32cubemx/plugins/thirdparty/db/thirdparties_db.xml) : 2 ms. number of Sw pack : 9
2020-01-23 14:45:26,040 [INFO] ThirdPartyDb:264 - Close Third Party DataBase File (/Users/muyangguo/.stm32cubemx/plugins/thirdparty/db/thirdparties_db.xml)
2020-01-23 14:45:26,050 [INFO] IntegrityCheckThread:97 - End integrity checks thread
2020-01-23 14:45:26,427 [INFO] DbMcusJson:87 - JSON generation date=Mon Sep 23 05:35:45 EDT 2019 (1569231345)
2020-01-23 14:45:27,178 [INFO] DbMcus:193 - Found 1544 MCUs (1504 are supported by CubeMX, 1504 are visible in CubeMX)
2020-01-23 14:45:27,178 [INFO] ApiDb:158 - Load user favorites file /Users/muyangguo/.stm32cubeide/favorites.mcus.txt: 0 item(s)
2020-01-23 14:45:27,178 [INFO] ApiDb:163 - User favorites MCUs=[]
2020-01-23 14:45:27,178 [INFO] DbMcus:204 - Set 0 / 0 favorites MCUs
2020-01-23 14:45:27,611 [INFO] DbMcusAds:130 - JSON generation date=Wed Feb 20 11:46:15 EST 2019 (1550681175)
2020-01-23 14:45:27,680 [INFO] ServerAccessManage:348 - Download File 
2020-01-23 14:45:27,715 [INFO] LoadUrlFilesThread:161 - End of LoadServerUrlFiles without Thread
2020-01-23 14:45:27,730 [INFO] McuDetailPanel:180 - Set advertising image to /Users/muyangguo/STM32Cube/Repository//PRSTM32MP10219-01-med.jpg
2020-01-23 14:45:29,135 [INFO] ServerAccessManage:348 - Download File mcusDocs.json
2020-01-23 14:45:29,517 [INFO] LoadUrlFilesThread:134 - End of LoadUrlFiles Thread
2020-01-23 14:45:37,324 [INFO] ServerAccessManage:348 - Download File mcusFeaturesAndDescription.json
2020-01-23 14:45:39,139 [INFO] LoadUrlFilesThread:134 - End of LoadUrlFiles Thread
2020-01-23 14:45:39,450 [INFO] ServerAccessManage:348 - Download File mcusAds.json
2020-01-23 14:45:39,457 [INFO] LoadUrlFilesThread:134 - End of LoadUrlFiles Thread
2020-01-23 14:45:41,625 [INFO] ServerAccessManage:348 - Download File boardsDocs.json
2020-01-23 14:45:41,706 [INFO] LoadUrlFilesThread:134 - End of LoadUrlFiles Thread
2020-01-23 14:45:42,353 [INFO] ServerAccessManage:348 - Download File boards.json
2020-01-23 14:45:42,879 [INFO] LoadUrlFilesThread:134 - End of LoadUrlFiles Thread
2020-01-23 14:45:43,570 [INFO] ServerAccessManage:348 - Download File crdb.zip
2020-01-23 14:45:44,200 [INFO] FileExtend:210 - Unzip File : crdb.zip
2020-01-23 14:45:44,202 [INFO] FileExtend:225 - Standard Zip Deflate
2020-01-23 14:45:44,220 [INFO] LoadUrlFilesThread:134 - End of LoadUrlFiles Thread
2020-01-23 14:45:44,226 [INFO] DbMcusDocs:126 - JSON generation date=Wed Jan 22 08:50:05 EST 2020 (1579701005)
2020-01-23 14:45:44,339 [INFO] DbMcusDocs:61 - Found 525 MCUs documents
2020-01-23 14:45:44,340 [INFO] ApiDb:186 - Save user favorites file /Users/muyangguo/.stm32cubeide/favorites.mcus.txt: 0 item(s)
2020-01-23 14:45:44,340 [INFO] ApiDb:191 - User favorites MCUs=[]
2020-01-23 14:45:44,340 [INFO] DbMcusXml:106 - Load MCU database from /Applications/STM32CubeIDE.app/Contents/Eclipse/plugins/com.st.stm32cube.common.mx_5.4.0.201910091541//db//mcu/families.xml
2020-01-23 14:45:44,592 [INFO] DbMcusJson:87 - JSON generation date=Wed Jan 22 08:50:05 EST 2020 (1579701005)
2020-01-23 14:45:44,997 [INFO] DbMcus:193 - Found 1544 MCUs (1504 are supported by CubeMX, 1504 are visible in CubeMX)
2020-01-23 14:45:44,997 [INFO] ApiDb:158 - Load user favorites file /Users/muyangguo/.stm32cubeide/favorites.mcus.txt: 0 item(s)
2020-01-23 14:45:44,998 [INFO] ApiDb:163 - User favorites MCUs=[]
2020-01-23 14:45:44,998 [INFO] DbMcus:204 - Set 0 / 0 favorites MCUs
2020-01-23 14:45:45,037 [INFO] McuFilterPanel:282 - Update 0 favorites MCUs
2020-01-23 14:45:45,148 [INFO] DbBoardsDocs:118 - JSON generation date=Wed Jan 22 08:50:05 EST 2020 (1579701005)
2020-01-23 14:45:45,157 [INFO] DbBoardsPdsc:92 - Found 1 items
2020-01-23 14:45:45,159 [INFO] DbBoardsPdsc:92 - Found 9 items
2020-01-23 14:45:45,164 [INFO] DbBoardsPdsc:92 - Found 38 items
2020-01-23 14:45:45,167 [INFO] DbBoardsPdsc:92 - Found 27 items
2020-01-23 14:45:45,168 [INFO] DbBoardsPdsc:92 - Found 1 items
2020-01-23 14:45:45,173 [INFO] DbBoardsPdsc:92 - Found 38 items
2020-01-23 14:45:45,175 [INFO] DbBoardsPdsc:92 - Found 19 items
2020-01-23 14:45:45,188 [INFO] DbBoardsJson:79 - JSON generation date=Wed Jan 22 07:22:01 EST 2020 (1579695721)
2020-01-23 14:45:45,192 [INFO] DbBoards:120 - Found 134 boards (132 are supported by CubeMX)
2020-01-23 14:45:45,196 [INFO] DbBoardsDocs:118 - JSON generation date=Wed Jan 22 08:50:05 EST 2020 (1579701005)
2020-01-23 14:45:45,203 [INFO] DbBoardsDocs:57 - Found 162 boards documents
2020-01-23 14:45:45,204 [WARN] DbBoards:130 - board STEVAL-MKSBOX1V1 has no document id list !
2020-01-23 14:45:45,204 [WARN] DbBoards:130 - board STM32F401C-DISCO has no document id list !
2020-01-23 14:45:45,205 [WARN] DbBoards:130 - board STM32F769I-DISC1 has no document id list !
2020-01-23 14:45:45,205 [WARN] DbBoards:130 - board STM32L-DISCOVERY has no document id list !
2020-01-23 14:45:45,205 [WARN] DbBoards:130 - board STM32H747I-DISC1 has no document id list !
2020-01-23 14:45:45,205 [WARN] DbBoards:130 - board STM32MP157A-DK1 has no document id list !
2020-01-23 14:45:45,206 [WARN] DbBoards:152 - board STM32L562E-DK / document id not found: 4510
2020-01-23 14:45:45,206 [WARN] DbBoards:152 - board STM32L562E-DK / document id not found: 4514
2020-01-23 14:45:45,206 [WARN] DbBoards:130 - board P-NUCLEO-WB55-Nucleo has no document id list !
2020-01-23 14:45:45,206 [WARN] DbBoards:130 - board P-NUCLEO-WB55-USBDongle has no document id list !
2020-01-23 14:45:45,206 [WARN] DbBoards:130 - board STM32100E-EVAL has no document id list !
2020-01-23 14:45:45,206 [WARN] DbBoards:130 - board STM32303C-EVAL has no document id list !
2020-01-23 14:45:45,207 [WARN] DbBoards:130 - board STM32L152D-EVAL has no document id list !
2020-01-23 14:45:45,207 [WARN] DbBoards:130 - board STM32H743I-EVAL2 has no document id list !
2020-01-23 14:45:45,207 [WARN] DbBoards:130 - board STM32H753I-EVAL2 has no document id list !
2020-01-23 14:45:45,207 [WARN] DbBoards:130 - board STM32G474E-EVAL1 has no document id list !
2020-01-23 14:45:45,207 [WARN] DbBoards:152 - board STM32L552E-EV / document id not found: 4493
2020-01-23 14:45:45,207 [WARN] DbBoards:152 - board STM32L552E-EV / document id not found: 4509
2020-01-23 14:45:45,208 [WARN] DbBoards:130 - board NUCLEO-H743ZI2 has no document id list !
2020-01-23 14:45:45,208 [WARN] DbBoards:152 - board NUCLEO-L552ZE-Q / document id not found: 4505
2020-01-23 14:45:45,487 [ERROR] DbBoards:192 - Image file not found for board STM32G0316-DISCO: /Applications/STM32CubeIDE.app/Contents/Eclipse/plugins/com.st.stm32cube.common.mx_5.4.0.201910091541//db//plugins/mcufinder/images/boards/stm32g0316discovery_small.jpg
2020-01-23 14:45:45,639 [ERROR] DbBoards:192 - Image file not found for board P-NUCLEO-WB55: /Applications/STM32CubeIDE.app/Contents/Eclipse/plugins/com.st.stm32cube.common.mx_5.4.0.201910091541//db//plugins/mcufinder/images/boards/p-nucleo-wb55_small.jpg
2020-01-23 14:45:45,952 [INFO] ApiDb:158 - Load user favorites file /Users/muyangguo/.stm32cubeide/favorites.boards.txt: 0 item(s)
2020-01-23 14:45:45,952 [INFO] ApiDb:163 - User favorites Boards=[]
2020-01-23 14:45:45,953 [INFO] DbBoards:209 - Set 0 / 0 favorites Boards
2020-01-23 14:45:45,956 [INFO] DbBoardsDocs:57 - Found 324 boards documents
2020-01-23 14:45:45,957 [INFO] ApiDb:186 - Save user favorites file /Users/muyangguo/.stm32cubeide/favorites.boards.txt: 0 item(s)
2020-01-23 14:45:45,957 [INFO] ApiDb:191 - User favorites Boards=[]
2020-01-23 14:45:45,958 [INFO] DbBoardsPdsc:92 - Found 1 items
2020-01-23 14:45:45,959 [INFO] DbBoardsPdsc:92 - Found 9 items
2020-01-23 14:45:45,961 [INFO] DbBoardsPdsc:92 - Found 38 items
2020-01-23 14:45:45,962 [INFO] DbBoardsPdsc:92 - Found 27 items
2020-01-23 14:45:45,962 [INFO] DbBoardsPdsc:92 - Found 1 items
2020-01-23 14:45:45,965 [INFO] DbBoardsPdsc:92 - Found 38 items
2020-01-23 14:45:45,966 [INFO] DbBoardsPdsc:92 - Found 19 items
2020-01-23 14:45:45,986 [INFO] DbBoardsJson:79 - JSON generation date=Wed Jan 22 07:22:01 EST 2020 (1579695721)
2020-01-23 14:45:45,990 [INFO] DbBoards:120 - Found 134 boards (132 are supported by CubeMX)
2020-01-23 14:45:45,990 [WARN] DbBoards:130 - board STEVAL-MKSBOX1V1 has no document id list !
2020-01-23 14:45:45,990 [WARN] DbBoards:130 - board STM32F401C-DISCO has no document id list !
2020-01-23 14:45:45,991 [WARN] DbBoards:130 - board STM32F769I-DISC1 has no document id list !
2020-01-23 14:45:45,991 [WARN] DbBoards:130 - board STM32L-DISCOVERY has no document id list !
2020-01-23 14:45:45,991 [WARN] DbBoards:130 - board STM32H747I-DISC1 has no document id list !
2020-01-23 14:45:45,991 [WARN] DbBoards:130 - board STM32MP157A-DK1 has no document id list !
2020-01-23 14:45:45,991 [WARN] DbBoards:152 - board STM32L562E-DK / document id not found: 4510
2020-01-23 14:45:45,991 [WARN] DbBoards:152 - board STM32L562E-DK / document id not found: 4514
2020-01-23 14:45:45,991 [WARN] DbBoards:130 - board P-NUCLEO-WB55-Nucleo has no document id list !
2020-01-23 14:45:45,991 [WARN] DbBoards:130 - board P-NUCLEO-WB55-USBDongle has no document id list !
2020-01-23 14:45:45,992 [WARN] DbBoards:130 - board STM32100E-EVAL has no document id list !
2020-01-23 14:45:45,992 [WARN] DbBoards:130 - board STM32303C-EVAL has no document id list !
2020-01-23 14:45:45,992 [WARN] DbBoards:130 - board STM32L152D-EVAL has no document id list !
2020-01-23 14:45:45,992 [WARN] DbBoards:130 - board STM32H743I-EVAL2 has no document id list !
2020-01-23 14:45:45,992 [WARN] DbBoards:130 - board STM32H753I-EVAL2 has no document id list !
2020-01-23 14:45:45,992 [WARN] DbBoards:130 - board STM32G474E-EVAL1 has no document id list !
2020-01-23 14:45:45,992 [WARN] DbBoards:152 - board STM32L552E-EV / document id not found: 4493
2020-01-23 14:45:45,992 [WARN] DbBoards:152 - board STM32L552E-EV / document id not found: 4509
2020-01-23 14:45:45,993 [WARN] DbBoards:130 - board NUCLEO-H743ZI2 has no document id list !
2020-01-23 14:45:45,993 [WARN] DbBoards:152 - board NUCLEO-L552ZE-Q / document id not found: 4505
2020-01-23 14:45:46,172 [ERROR] DbBoards:192 - Image file not found for board STM32G0316-DISCO: /Applications/STM32CubeIDE.app/Contents/Eclipse/plugins/com.st.stm32cube.common.mx_5.4.0.201910091541//db//plugins/mcufinder/images/boards/stm32g0316discovery_small.jpg
2020-01-23 14:45:46,281 [ERROR] DbBoards:192 - Image file not found for board P-NUCLEO-WB55: /Applications/STM32CubeIDE.app/Contents/Eclipse/plugins/com.st.stm32cube.common.mx_5.4.0.201910091541//db//plugins/mcufinder/images/boards/p-nucleo-wb55_small.jpg
2020-01-23 14:45:46,463 [INFO] ApiDb:158 - Load user favorites file /Users/muyangguo/.stm32cubeide/favorites.boards.txt: 0 item(s)
2020-01-23 14:45:46,464 [INFO] ApiDb:163 - User favorites Boards=[]
2020-01-23 14:45:46,464 [INFO] DbBoards:209 - Set 0 / 0 favorites Boards
2020-01-23 14:45:46,533 [INFO] LoadUrlFilesThread:161 - End of LoadServerUrlFiles without Thread
2020-01-23 14:45:46,534 [INFO] McuFilterPanel:282 - Update 0 favorites MCUs
2020-01-23 14:45:46,626 [INFO] LoadUrlFilesThread:161 - End of LoadServerUrlFiles without Thread
2020-01-23 14:45:46,627 [INFO] BoardDetailPanel:179 - Set advertising image to /Users/muyangguo/STM32Cube/Repository//PRSTM32MP10219-01-med.jpg
2020-01-23 14:45:46,644 [INFO] BoardFilterPanel:211 - Update 0 favorites Boards
2020-01-23 14:45:46,706 [INFO] CrossSelectorPresenter:1319 - Cross Selector saved comparison directory: /Users/muyangguo/.stmcufinder/plugins/mcufinder/mcu/cs_comparisons_mx
2020-01-23 14:53:36,379 [INFO] LogOutputStream:76 - [STDOUT_REDIRECT] withoutVersionV1.24.2
2020-01-23 14:53:36,379 [INFO] LogOutputStream:76 - [STDOUT_REDIRECT] withoutVersionV1.24.1
2020-01-23 14:53:36,380 [INFO] LogOutputStream:76 - [STDOUT_REDIRECT] withoutVersionV1.24.0
2020-01-23 14:58:53,119 [INFO] LogOutputStream:76 - [STDOUT_REDIRECT] ***WARNING: Display must be created on main thread due to Cocoa restrictions. Use vmarg -XstartOnFirstThread
2020-01-23 14:58:53,120 [INFO] LogOutputStream:76 - [STDOUT_REDIRECT] ***WARNING: Display must be created on main thread due to Cocoa restrictions. Use vmarg -XstartOnFirstThread
